<?xml version="1.0" encoding="UTF-8"?>
<!-- Generated by org.testng.reporters.JUnitReportReporter -->
<testsuite skipped="1" hostname="KMBN3078" name="wallethub.test.facebook" tests="1" failures="0" timestamp="30 Sep 2019 06:53:18 GMT" time="0.000" errors="0">
  <testcase name="Facebook_StatusPost_Test" time="0.000" classname="wallethub.test.facebook">
    <skipped/>
  </testcase> <!-- Facebook_StatusPost_Test -->
</testsuite> <!-- wallethub.test.facebook -->
