<?xml version="1.0" encoding="UTF-8"?>
<!-- Generated by org.testng.reporters.JUnitReportReporter -->
<testsuite skipped="1" hostname="KMBN3078" name="wallethub.test.Insurance" tests="1" failures="0" timestamp="30 Sep 2019 06:53:18 GMT" time="0.000" errors="0">
  <testcase name="Review_InsuranceComment_Test" time="0.000" classname="wallethub.test.Insurance">
    <skipped/>
  </testcase> <!-- Review_InsuranceComment_Test -->
</testsuite> <!-- wallethub.test.Insurance -->
